<!DOCTYPE html>
<html>
<head>
<meta http-equiv="Content-Type" content="text/html; charset=utf-8"/>
<meta http-equiv="x-ua-compatible" content="IE=edge"/>
<title>Test results - AuthControllerTest_Reissue</title>
<link href="../css/base-style.css" rel="stylesheet" type="text/css"/>
<link href="../css/style.css" rel="stylesheet" type="text/css"/>
<script src="../js/report.js" type="text/javascript"></script>
</head>
<body>
<div id="content">
<h1>AuthControllerTest_Reissue</h1>
<div class="breadcrumbs">
<a href="../index.html">all</a> &gt; 
<a href="../packages/com.board.Board_Upgraded.controller.html">com.board.Board_Upgraded.controller</a> &gt; AuthControllerTest_Reissue</div>
<div id="summary">
<table>
<tr>
<td>
<div class="summaryGroup">
<table>
<tr>
<td>
<div class="infoBox" id="tests">
<div class="counter">1</div>
<p>tests</p>
</div>
</td>
<td>
<div class="infoBox" id="failures">
<div class="counter">1</div>
<p>failures</p>
</div>
</td>
<td>
<div class="infoBox" id="ignored">
<div class="counter">0</div>
<p>ignored</p>
</div>
</td>
<td>
<div class="infoBox" id="duration">
<div class="counter">0.563s</div>
<p>duration</p>
</div>
</td>
</tr>
</table>
</div>
</td>
<td>
<div class="infoBox failures" id="successRate">
<div class="percent">0%</div>
<p>successful</p>
</div>
</td>
</tr>
</table>
</div>
<div id="tabs">
<ul class="tabLinks">
<li>
<a href="#tab0">Failed tests</a>
</li>
<li>
<a href="#tab1">Tests</a>
</li>
<li>
<a href="#tab2">Standard output</a>
</li>
</ul>
<div id="tab0" class="tab">
<h2>Failed tests</h2>
<div class="test">
<a name="reissue_Success()"></a>
<h3 class="failures">reissue_Success()</h3>
<span class="code">
<pre>java.lang.AssertionError: Status expected:&lt;200&gt; but was:&lt;403&gt;
	at org.springframework.test.util.AssertionErrors.fail(AssertionErrors.java:59)
	at org.springframework.test.util.AssertionErrors.assertEquals(AssertionErrors.java:122)
	at org.springframework.test.web.servlet.result.StatusResultMatchers.lambda$matcher$9(StatusResultMatchers.java:627)
	at org.springframework.test.web.servlet.MockMvc$1.andExpect(MockMvc.java:212)
	at com.board.Board_Upgraded.controller.AuthControllerTest_Reissue.reissue_Success(AuthControllerTest_Reissue.java:62)
	at java.base/jdk.internal.reflect.NativeMethodAccessorImpl.invoke0(Native Method)
	at java.base/jdk.internal.reflect.NativeMethodAccessorImpl.invoke(NativeMethodAccessorImpl.java:77)
	at java.base/jdk.internal.reflect.DelegatingMethodAccessorImpl.invoke(DelegatingMethodAccessorImpl.java:43)
	at java.base/java.lang.reflect.Method.invoke(Method.java:568)
	at org.junit.platform.commons.util.ReflectionUtils.invokeMethod(ReflectionUtils.java:725)
	at org.junit.jupiter.engine.execution.MethodInvocation.proceed(MethodInvocation.java:60)
	at org.junit.jupiter.engine.execution.InvocationInterceptorChain$ValidatingInvocation.proceed(InvocationInterceptorChain.java:131)
	at org.junit.jupiter.engine.extension.TimeoutExtension.intercept(TimeoutExtension.java:149)
	at org.junit.jupiter.engine.extension.TimeoutExtension.interceptTestableMethod(TimeoutExtension.java:140)
	at org.junit.jupiter.engine.extension.TimeoutExtension.interceptTestMethod(TimeoutExtension.java:84)
	at org.junit.jupiter.engine.execution.ExecutableInvoker$ReflectiveInterceptorCall.lambda$ofVoidMethod$0(ExecutableInvoker.java:115)
	at org.junit.jupiter.engine.execution.ExecutableInvoker.lambda$invoke$0(ExecutableInvoker.java:105)
	at org.junit.jupiter.engine.execution.InvocationInterceptorChain$InterceptedInvocation.proceed(InvocationInterceptorChain.java:106)
	at org.junit.jupiter.engine.execution.InvocationInterceptorChain.proceed(InvocationInterceptorChain.java:64)
	at org.junit.jupiter.engine.execution.InvocationInterceptorChain.chainAndInvoke(InvocationInterceptorChain.java:45)
	at org.junit.jupiter.engine.execution.InvocationInterceptorChain.invoke(InvocationInterceptorChain.java:37)
	at org.junit.jupiter.engine.execution.ExecutableInvoker.invoke(ExecutableInvoker.java:104)
	at org.junit.jupiter.engine.execution.ExecutableInvoker.invoke(ExecutableInvoker.java:98)
	at org.junit.jupiter.engine.descriptor.TestMethodTestDescriptor.lambda$invokeTestMethod$7(TestMethodTestDescriptor.java:214)
	at org.junit.platform.engine.support.hierarchical.ThrowableCollector.execute(ThrowableCollector.java:73)
	at org.junit.jupiter.engine.descriptor.TestMethodTestDescriptor.invokeTestMethod(TestMethodTestDescriptor.java:210)
	at org.junit.jupiter.engine.descriptor.TestMethodTestDescriptor.execute(TestMethodTestDescriptor.java:135)
	at org.junit.jupiter.engine.descriptor.TestMethodTestDescriptor.execute(TestMethodTestDescriptor.java:66)
	at org.junit.platform.engine.support.hierarchical.NodeTestTask.lambda$executeRecursively$6(NodeTestTask.java:151)
	at org.junit.platform.engine.support.hierarchical.ThrowableCollector.execute(ThrowableCollector.java:73)
	at org.junit.platform.engine.support.hierarchical.NodeTestTask.lambda$executeRecursively$8(NodeTestTask.java:141)
	at org.junit.platform.engine.support.hierarchical.Node.around(Node.java:137)
	at org.junit.platform.engine.support.hierarchical.NodeTestTask.lambda$executeRecursively$9(NodeTestTask.java:139)
	at org.junit.platform.engine.support.hierarchical.ThrowableCollector.execute(ThrowableCollector.java:73)
	at org.junit.platform.engine.support.hierarchical.NodeTestTask.executeRecursively(NodeTestTask.java:138)
	at org.junit.platform.engine.support.hierarchical.NodeTestTask.execute(NodeTestTask.java:95)
	at java.base/java.util.ArrayList.forEach(ArrayList.java:1511)
	at org.junit.platform.engine.support.hierarchical.SameThreadHierarchicalTestExecutorService.invokeAll(SameThreadHierarchicalTestExecutorService.java:41)
	at org.junit.platform.engine.support.hierarchical.NodeTestTask.lambda$executeRecursively$6(NodeTestTask.java:155)
	at org.junit.platform.engine.support.hierarchical.ThrowableCollector.execute(ThrowableCollector.java:73)
	at org.junit.platform.engine.support.hierarchical.NodeTestTask.lambda$executeRecursively$8(NodeTestTask.java:141)
	at org.junit.platform.engine.support.hierarchical.Node.around(Node.java:137)
	at org.junit.platform.engine.support.hierarchical.NodeTestTask.lambda$executeRecursively$9(NodeTestTask.java:139)
	at org.junit.platform.engine.support.hierarchical.ThrowableCollector.execute(ThrowableCollector.java:73)
	at org.junit.platform.engine.support.hierarchical.NodeTestTask.executeRecursively(NodeTestTask.java:138)
	at org.junit.platform.engine.support.hierarchical.NodeTestTask.execute(NodeTestTask.java:95)
	at java.base/java.util.ArrayList.forEach(ArrayList.java:1511)
	at org.junit.platform.engine.support.hierarchical.SameThreadHierarchicalTestExecutorService.invokeAll(SameThreadHierarchicalTestExecutorService.java:41)
	at org.junit.platform.engine.support.hierarchical.NodeTestTask.lambda$executeRecursively$6(NodeTestTask.java:155)
	at org.junit.platform.engine.support.hierarchical.ThrowableCollector.execute(ThrowableCollector.java:73)
	at org.junit.platform.engine.support.hierarchical.NodeTestTask.lambda$executeRecursively$8(NodeTestTask.java:141)
	at org.junit.platform.engine.support.hierarchical.Node.around(Node.java:137)
	at org.junit.platform.engine.support.hierarchical.NodeTestTask.lambda$executeRecursively$9(NodeTestTask.java:139)
	at org.junit.platform.engine.support.hierarchical.ThrowableCollector.execute(ThrowableCollector.java:73)
	at org.junit.platform.engine.support.hierarchical.NodeTestTask.executeRecursively(NodeTestTask.java:138)
	at org.junit.platform.engine.support.hierarchical.NodeTestTask.execute(NodeTestTask.java:95)
	at org.junit.platform.engine.support.hierarchical.SameThreadHierarchicalTestExecutorService.submit(SameThreadHierarchicalTestExecutorService.java:35)
	at org.junit.platform.engine.support.hierarchical.HierarchicalTestExecutor.execute(HierarchicalTestExecutor.java:57)
	at org.junit.platform.engine.support.hierarchical.HierarchicalTestEngine.execute(HierarchicalTestEngine.java:54)
	at org.junit.platform.launcher.core.DefaultLauncher.execute(DefaultLauncher.java:229)
	at org.junit.platform.launcher.core.DefaultLauncher.lambda$execute$6(DefaultLauncher.java:197)
	at org.junit.platform.launcher.core.DefaultLauncher.withInterceptedStreams(DefaultLauncher.java:211)
	at org.junit.platform.launcher.core.DefaultLauncher.execute(DefaultLauncher.java:191)
	at org.junit.platform.launcher.core.DefaultLauncher.execute(DefaultLauncher.java:128)
	at org.gradle.api.internal.tasks.testing.junitplatform.JUnitPlatformTestClassProcessor$CollectAllTestClassesExecutor.processAllTestClasses(JUnitPlatformTestClassProcessor.java:99)
	at org.gradle.api.internal.tasks.testing.junitplatform.JUnitPlatformTestClassProcessor$CollectAllTestClassesExecutor.access$000(JUnitPlatformTestClassProcessor.java:79)
	at org.gradle.api.internal.tasks.testing.junitplatform.JUnitPlatformTestClassProcessor.stop(JUnitPlatformTestClassProcessor.java:75)
	at org.gradle.api.internal.tasks.testing.SuiteTestClassProcessor.stop(SuiteTestClassProcessor.java:62)
	at java.base/jdk.internal.reflect.NativeMethodAccessorImpl.invoke0(Native Method)
	at java.base/jdk.internal.reflect.NativeMethodAccessorImpl.invoke(NativeMethodAccessorImpl.java:77)
	at java.base/jdk.internal.reflect.DelegatingMethodAccessorImpl.invoke(DelegatingMethodAccessorImpl.java:43)
	at java.base/java.lang.reflect.Method.invoke(Method.java:568)
	at org.gradle.internal.dispatch.ReflectionDispatch.dispatch(ReflectionDispatch.java:36)
	at org.gradle.internal.dispatch.ReflectionDispatch.dispatch(ReflectionDispatch.java:24)
	at org.gradle.internal.dispatch.ContextClassLoaderDispatch.dispatch(ContextClassLoaderDispatch.java:33)
	at org.gradle.internal.dispatch.ProxyDispatchAdapter$DispatchingInvocationHandler.invoke(ProxyDispatchAdapter.java:94)
	at jdk.proxy1/jdk.proxy1.$Proxy2.stop(Unknown Source)
	at org.gradle.api.internal.tasks.testing.worker.TestWorker$3.run(TestWorker.java:193)
	at org.gradle.api.internal.tasks.testing.worker.TestWorker.executeAndMaintainThreadName(TestWorker.java:129)
	at org.gradle.api.internal.tasks.testing.worker.TestWorker.execute(TestWorker.java:100)
	at org.gradle.api.internal.tasks.testing.worker.TestWorker.execute(TestWorker.java:60)
	at org.gradle.process.internal.worker.child.ActionExecutionWorker.execute(ActionExecutionWorker.java:56)
	at org.gradle.process.internal.worker.child.SystemApplicationClassLoaderWorker.call(SystemApplicationClassLoaderWorker.java:113)
	at org.gradle.process.internal.worker.child.SystemApplicationClassLoaderWorker.call(SystemApplicationClassLoaderWorker.java:65)
	at worker.org.gradle.process.internal.worker.GradleWorkerMain.run(GradleWorkerMain.java:69)
	at worker.org.gradle.process.internal.worker.GradleWorkerMain.main(GradleWorkerMain.java:74)
</pre>
</span>
</div>
</div>
<div id="tab1" class="tab">
<h2>Tests</h2>
<table>
<thead>
<tr>
<th>Test</th>
<th>Duration</th>
<th>Result</th>
</tr>
</thead>
<tr>
<td class="failures">reissue_Success()</td>
<td class="failures">0.563s</td>
<td class="failures">failed</td>
</tr>
</table>
</div>
<div id="tab2" class="tab">
<h2>Standard output</h2>
<span class="code">
<pre>22:37:10.739 [Test worker] DEBUG org.springframework.test.context.BootstrapUtils - Instantiating CacheAwareContextLoaderDelegate from class [org.springframework.test.context.cache.DefaultCacheAwareContextLoaderDelegate]
22:37:10.742 [Test worker] DEBUG org.springframework.test.context.BootstrapUtils - Instantiating BootstrapContext using constructor [public org.springframework.test.context.support.DefaultBootstrapContext(java.lang.Class,org.springframework.test.context.CacheAwareContextLoaderDelegate)]
22:37:10.757 [Test worker] DEBUG org.springframework.test.context.BootstrapUtils - Instantiating TestContextBootstrapper for test class [com.board.Board_Upgraded.controller.AuthControllerTest_Reissue] from class [org.springframework.boot.test.context.SpringBootTestContextBootstrapper]
22:37:10.762 [Test worker] INFO org.springframework.boot.test.context.SpringBootTestContextBootstrapper - Neither @ContextConfiguration nor @ContextHierarchy found for test class [com.board.Board_Upgraded.controller.AuthControllerTest_Reissue], using SpringBootContextLoader
22:37:10.763 [Test worker] DEBUG org.springframework.test.context.support.AbstractContextLoader - Did not detect default resource location for test class [com.board.Board_Upgraded.controller.AuthControllerTest_Reissue]: class path resource [com/board/Board_Upgraded/controller/AuthControllerTest_Reissue-context.xml] does not exist
22:37:10.764 [Test worker] DEBUG org.springframework.test.context.support.AbstractContextLoader - Did not detect default resource location for test class [com.board.Board_Upgraded.controller.AuthControllerTest_Reissue]: class path resource [com/board/Board_Upgraded/controller/AuthControllerTest_ReissueContext.groovy] does not exist
22:37:10.764 [Test worker] INFO org.springframework.test.context.support.AbstractContextLoader - Could not detect default resource locations for test class [com.board.Board_Upgraded.controller.AuthControllerTest_Reissue]: no resource found for suffixes {-context.xml, Context.groovy}.
22:37:10.764 [Test worker] INFO org.springframework.test.context.support.AnnotationConfigContextLoaderUtils - Could not detect default configuration classes for test class [com.board.Board_Upgraded.controller.AuthControllerTest_Reissue]: AuthControllerTest_Reissue does not declare any static, non-private, non-final, nested classes annotated with @Configuration.
22:37:10.787 [Test worker] DEBUG org.springframework.test.context.support.ActiveProfilesUtils - Could not find an 'annotation declaring class' for annotation type [org.springframework.test.context.ActiveProfiles] and class [com.board.Board_Upgraded.controller.AuthControllerTest_Reissue]
22:37:10.821 [Test worker] DEBUG org.springframework.context.annotation.ClassPathScanningCandidateComponentProvider - Identified candidate component class: file [/Users/leeeehgnaj/Desktop/Coding/Board_Upgraded/build/classes/java/main/com/board/Board_Upgraded/BoardUpgradedApplication.class]
22:37:10.821 [Test worker] INFO org.springframework.boot.test.context.SpringBootTestContextBootstrapper - Found @SpringBootConfiguration com.board.Board_Upgraded.BoardUpgradedApplication for test class com.board.Board_Upgraded.controller.AuthControllerTest_Reissue
22:37:10.858 [Test worker] DEBUG org.springframework.boot.test.context.SpringBootTestContextBootstrapper - @TestExecutionListeners is not present for class [com.board.Board_Upgraded.controller.AuthControllerTest_Reissue]: using defaults.
22:37:10.859 [Test worker] INFO org.springframework.boot.test.context.SpringBootTestContextBootstrapper - Loaded default TestExecutionListener class names from location [META-INF/spring.factories]: [org.springframework.security.test.context.support.WithSecurityContextTestExecutionListener, org.springframework.security.test.context.support.ReactorContextTestExecutionListener, org.springframework.boot.test.autoconfigure.restdocs.RestDocsTestExecutionListener, org.springframework.boot.test.autoconfigure.web.client.MockRestServiceServerResetTestExecutionListener, org.springframework.boot.test.autoconfigure.web.servlet.MockMvcPrintOnlyOnFailureTestExecutionListener, org.springframework.boot.test.autoconfigure.web.servlet.WebDriverTestExecutionListener, org.springframework.boot.test.autoconfigure.webservices.client.MockWebServiceServerTestExecutionListener, org.springframework.boot.test.mock.mockito.MockitoTestExecutionListener, org.springframework.boot.test.mock.mockito.ResetMocksTestExecutionListener, org.springframework.test.context.web.ServletTestExecutionListener, org.springframework.test.context.support.DirtiesContextBeforeModesTestExecutionListener, org.springframework.test.context.event.ApplicationEventsTestExecutionListener, org.springframework.test.context.support.DependencyInjectionTestExecutionListener, org.springframework.test.context.support.DirtiesContextTestExecutionListener, org.springframework.test.context.transaction.TransactionalTestExecutionListener, org.springframework.test.context.jdbc.SqlScriptsTestExecutionListener, org.springframework.test.context.event.EventPublishingTestExecutionListener]
22:37:10.866 [Test worker] INFO org.springframework.boot.test.context.SpringBootTestContextBootstrapper - Using TestExecutionListeners: [org.springframework.test.context.web.ServletTestExecutionListener@3a320ade, org.springframework.test.context.support.DirtiesContextBeforeModesTestExecutionListener@64beebb7, org.springframework.test.context.event.ApplicationEventsTestExecutionListener@7813cb11, org.springframework.boot.test.mock.mockito.MockitoTestExecutionListener@bcec031, org.springframework.boot.test.autoconfigure.SpringBootDependencyInjectionTestExecutionListener@21005f6c, org.springframework.test.context.support.DirtiesContextTestExecutionListener@32f0fba8, org.springframework.test.context.transaction.TransactionalTestExecutionListener@545de5a4, org.springframework.test.context.jdbc.SqlScriptsTestExecutionListener@29ef6856, org.springframework.security.test.context.support.WithSecurityContextTestExecutionListener@ab7a938, org.springframework.test.context.event.EventPublishingTestExecutionListener@3faf2e7d, org.springframework.security.test.context.support.ReactorContextTestExecutionListener@4648ce9, org.springframework.boot.test.autoconfigure.restdocs.RestDocsTestExecutionListener@569bf9eb, org.springframework.boot.test.autoconfigure.web.client.MockRestServiceServerResetTestExecutionListener@61526469, org.springframework.boot.test.autoconfigure.web.servlet.MockMvcPrintOnlyOnFailureTestExecutionListener@274872f8, org.springframework.boot.test.autoconfigure.web.servlet.WebDriverTestExecutionListener@76ba13c, org.springframework.boot.test.autoconfigure.webservices.client.MockWebServiceServerTestExecutionListener@eb6449b, org.springframework.boot.test.mock.mockito.ResetMocksTestExecutionListener@7c351808]
22:37:10.868 [Test worker] DEBUG org.springframework.test.context.support.AbstractDirtiesContextTestExecutionListener - Before test class: context [DefaultTestContext@2c1b9e4b testClass = AuthControllerTest_Reissue, testInstance = [null], testMethod = [null], testException = [null], mergedContextConfiguration = [WebMergedContextConfiguration@757d6814 testClass = AuthControllerTest_Reissue, locations = '{}', classes = '{class com.board.Board_Upgraded.BoardUpgradedApplication}', contextInitializerClasses = '[]', activeProfiles = '{}', propertySourceLocations = '{}', propertySourceProperties = '{org.springframework.boot.test.context.SpringBootTestContextBootstrapper=true}', contextCustomizers = set[org.springframework.boot.test.autoconfigure.actuate.metrics.MetricsExportContextCustomizerFactory$DisableMetricExportContextCustomizer@5bf0fe62, org.springframework.boot.test.autoconfigure.properties.PropertyMappingContextCustomizer@4b3fa0b3, org.springframework.boot.test.autoconfigure.web.servlet.WebDriverContextCustomizerFactory$Customizer@545b995e, [ImportsContextCustomizer@649725e3 key = [org.springframework.boot.test.autoconfigure.web.servlet.MockMvcAutoConfiguration, org.springframework.boot.test.autoconfigure.web.servlet.MockMvcWebClientAutoConfiguration, org.springframework.boot.test.autoconfigure.web.servlet.MockMvcWebDriverAutoConfiguration, org.springframework.boot.autoconfigure.security.oauth2.client.servlet.OAuth2ClientAutoConfiguration, org.springframework.boot.autoconfigure.security.oauth2.resource.servlet.OAuth2ResourceServerAutoConfiguration, org.springframework.boot.autoconfigure.security.servlet.SecurityAutoConfiguration, org.springframework.boot.autoconfigure.security.servlet.SecurityFilterAutoConfiguration, org.springframework.boot.autoconfigure.security.servlet.UserDetailsServiceAutoConfiguration, org.springframework.boot.test.autoconfigure.web.servlet.MockMvcSecurityConfiguration, org.springframework.boot.test.autoconfigure.web.reactive.WebTestClientAutoConfiguration]], org.springframework.boot.test.context.filter.ExcludeFilterContextCustomizer@6bca7e0d, org.springframework.boot.test.json.DuplicateJsonObjectContextCustomizerFactory$DuplicateJsonObjectContextCustomizer@19835e64, org.springframework.boot.test.mock.mockito.MockitoContextCustomizer@0, org.springframework.boot.test.web.client.TestRestTemplateContextCustomizer@6c0d9d86, org.springframework.boot.test.context.SpringBootTestArgs@1, org.springframework.boot.test.context.SpringBootTestWebEnvironment@672872e1], resourceBasePath = 'src/main/webapp', contextLoader = 'org.springframework.boot.test.context.SpringBootContextLoader', parent = [null]], attributes = map['org.springframework.test.context.web.ServletTestExecutionListener.activateListener' -&gt; true]], class annotated with @DirtiesContext [false] with mode [null].

  .   ____          _            __ _ _
 /\\ / ___'_ __ _ _(_)_ __  __ _ \ \ \ \
( ( )\___ | '_ | '_| | '_ \/ _` | \ \ \ \
 \\/  ___)| |_)| | | | | || (_| |  ) ) ) )
  '  |____| .__|_| |_|_| |_\__, | / / / /
 =========|_|==============|___/=/_/_/_/
 :: Spring Boot ::                (v2.7.0)

2023-02-15 22:37:11.031  INFO 15749 --- [    Test worker] c.b.B.c.AuthControllerTest_Reissue       : Starting AuthControllerTest_Reissue using Java 17.0.2 on ijanghuiui-MacBookPro.local with PID 15749 (started by leeeehgnaj in /Users/leeeehgnaj/Desktop/Coding/Board_Upgraded)
2023-02-15 22:37:11.032  INFO 15749 --- [    Test worker] c.b.B.c.AuthControllerTest_Reissue       : The following 1 profile is active: &quot;local&quot;
2023-02-15 22:37:11.430  INFO 15749 --- [    Test worker] .s.d.r.c.RepositoryConfigurationDelegate : Bootstrapping Spring Data JPA repositories in DEFAULT mode.
2023-02-15 22:37:11.460  INFO 15749 --- [    Test worker] .s.d.r.c.RepositoryConfigurationDelegate : Finished Spring Data repository scanning in 27 ms. Found 2 JPA repository interfaces.
2023-02-15 22:37:11.748  INFO 15749 --- [    Test worker] o.hibernate.jpa.internal.util.LogHelper  : HHH000204: Processing PersistenceUnitInfo [name: default]
2023-02-15 22:37:11.769  INFO 15749 --- [    Test worker] org.hibernate.Version                    : HHH000412: Hibernate ORM core version 5.6.9.Final
2023-02-15 22:37:11.853  INFO 15749 --- [    Test worker] o.hibernate.annotations.common.Version   : HCANN000001: Hibernate Commons Annotations {5.1.2.Final}
2023-02-15 22:37:11.863 DEBUG 15749 --- [    Test worker] org.hibernate.type.BasicTypeRegistry     : Adding type registration boolean -&gt; org.hibernate.type.BooleanType@722b2728
2023-02-15 22:37:11.863 DEBUG 15749 --- [    Test worker] org.hibernate.type.BasicTypeRegistry     : Adding type registration boolean -&gt; org.hibernate.type.BooleanType@722b2728
2023-02-15 22:37:11.864 DEBUG 15749 --- [    Test worker] org.hibernate.type.BasicTypeRegistry     : Adding type registration java.lang.Boolean -&gt; org.hibernate.type.BooleanType@722b2728
2023-02-15 22:37:11.864 DEBUG 15749 --- [    Test worker] org.hibernate.type.BasicTypeRegistry     : Adding type registration numeric_boolean -&gt; org.hibernate.type.NumericBooleanType@31d4b3e8
2023-02-15 22:37:11.864 DEBUG 15749 --- [    Test worker] org.hibernate.type.BasicTypeRegistry     : Adding type registration true_false -&gt; org.hibernate.type.TrueFalseType@61957d9c
2023-02-15 22:37:11.864 DEBUG 15749 --- [    Test worker] org.hibernate.type.BasicTypeRegistry     : Adding type registration yes_no -&gt; org.hibernate.type.YesNoType@213835b6
2023-02-15 22:37:11.864 DEBUG 15749 --- [    Test worker] org.hibernate.type.BasicTypeRegistry     : Adding type registration byte -&gt; org.hibernate.type.ByteType@df7d1d4
2023-02-15 22:37:11.864 DEBUG 15749 --- [    Test worker] org.hibernate.type.BasicTypeRegistry     : Adding type registration byte -&gt; org.hibernate.type.ByteType@df7d1d4
2023-02-15 22:37:11.864 DEBUG 15749 --- [    Test worker] org.hibernate.type.BasicTypeRegistry     : Adding type registration java.lang.Byte -&gt; org.hibernate.type.ByteType@df7d1d4
2023-02-15 22:37:11.865 DEBUG 15749 --- [    Test worker] org.hibernate.type.BasicTypeRegistry     : Adding type registration character -&gt; org.hibernate.type.CharacterType@531a716c
2023-02-15 22:37:11.865 DEBUG 15749 --- [    Test worker] org.hibernate.type.BasicTypeRegistry     : Adding type registration char -&gt; org.hibernate.type.CharacterType@531a716c
2023-02-15 22:37:11.865 DEBUG 15749 --- [    Test worker] org.hibernate.type.BasicTypeRegistry     : Adding type registration java.lang.Character -&gt; org.hibernate.type.CharacterType@531a716c
2023-02-15 22:37:11.866 DEBUG 15749 --- [    Test worker] org.hibernate.type.BasicTypeRegistry     : Adding type registration short -&gt; org.hibernate.type.ShortType@3d88ce0e
2023-02-15 22:37:11.866 DEBUG 15749 --- [    Test worker] org.hibernate.type.BasicTypeRegistry     : Adding type registration short -&gt; org.hibernate.type.ShortType@3d88ce0e
2023-02-15 22:37:11.866 DEBUG 15749 --- [    Test worker] org.hibernate.type.BasicTypeRegistry     : Adding type registration java.lang.Short -&gt; org.hibernate.type.ShortType@3d88ce0e
2023-02-15 22:37:11.866 DEBUG 15749 --- [    Test worker] org.hibernate.type.BasicTypeRegistry     : Adding type registration integer -&gt; org.hibernate.type.IntegerType@5d6b42cf
2023-02-15 22:37:11.866 DEBUG 15749 --- [    Test worker] org.hibernate.type.BasicTypeRegistry     : Adding type registration int -&gt; org.hibernate.type.IntegerType@5d6b42cf
2023-02-15 22:37:11.866 DEBUG 15749 --- [    Test worker] org.hibernate.type.BasicTypeRegistry     : Adding type registration java.lang.Integer -&gt; org.hibernate.type.IntegerType@5d6b42cf
2023-02-15 22:37:11.866 DEBUG 15749 --- [    Test worker] org.hibernate.type.BasicTypeRegistry     : Adding type registration long -&gt; org.hibernate.type.LongType@7b4b8199
2023-02-15 22:37:11.866 DEBUG 15749 --- [    Test worker] org.hibernate.type.BasicTypeRegistry     : Adding type registration long -&gt; org.hibernate.type.LongType@7b4b8199
2023-02-15 22:37:11.867 DEBUG 15749 --- [    Test worker] org.hibernate.type.BasicTypeRegistry     : Adding type registration java.lang.Long -&gt; org.hibernate.type.LongType@7b4b8199
2023-02-15 22:37:11.867 DEBUG 15749 --- [    Test worker] org.hibernate.type.BasicTypeRegistry     : Adding type registration float -&gt; org.hibernate.type.FloatType@2a425cf5
2023-02-15 22:37:11.867 DEBUG 15749 --- [    Test worker] org.hibernate.type.BasicTypeRegistry     : Adding type registration float -&gt; org.hibernate.type.FloatType@2a425cf5
2023-02-15 22:37:11.867 DEBUG 15749 --- [    Test worker] org.hibernate.type.BasicTypeRegistry     : Adding type registration java.lang.Float -&gt; org.hibernate.type.FloatType@2a425cf5
2023-02-15 22:37:11.867 DEBUG 15749 --- [    Test worker] org.hibernate.type.BasicTypeRegistry     : Adding type registration double -&gt; org.hibernate.type.DoubleType@1f9a7684
2023-02-15 22:37:11.867 DEBUG 15749 --- [    Test worker] org.hibernate.type.BasicTypeRegistry     : Adding type registration double -&gt; org.hibernate.type.DoubleType@1f9a7684
2023-02-15 22:37:11.867 DEBUG 15749 --- [    Test worker] org.hibernate.type.BasicTypeRegistry     : Adding type registration java.lang.Double -&gt; org.hibernate.type.DoubleType@1f9a7684
2023-02-15 22:37:11.867 DEBUG 15749 --- [    Test worker] org.hibernate.type.BasicTypeRegistry     : Adding type registration big_decimal -&gt; org.hibernate.type.BigDecimalType@16cf7fd0
2023-02-15 22:37:11.868 DEBUG 15749 --- [    Test worker] org.hibernate.type.BasicTypeRegistry     : Adding type registration java.math.BigDecimal -&gt; org.hibernate.type.BigDecimalType@16cf7fd0
2023-02-15 22:37:11.868 DEBUG 15749 --- [    Test worker] org.hibernate.type.BasicTypeRegistry     : Adding type registration big_integer -&gt; org.hibernate.type.BigIntegerType@2aac8ad7
2023-02-15 22:37:11.868 DEBUG 15749 --- [    Test worker] org.hibernate.type.BasicTypeRegistry     : Adding type registration java.math.BigInteger -&gt; org.hibernate.type.BigIntegerType@2aac8ad7
2023-02-15 22:37:11.868 DEBUG 15749 --- [    Test worker] org.hibernate.type.BasicTypeRegistry     : Adding type registration string -&gt; org.hibernate.type.StringType@64757d56
2023-02-15 22:37:11.868 DEBUG 15749 --- [    Test worker] org.hibernate.type.BasicTypeRegistry     : Adding type registration java.lang.String -&gt; org.hibernate.type.StringType@64757d56
2023-02-15 22:37:11.868 DEBUG 15749 --- [    Test worker] org.hibernate.type.BasicTypeRegistry     : Adding type registration nstring -&gt; org.hibernate.type.StringNVarcharType@105dc04d
2023-02-15 22:37:11.868 DEBUG 15749 --- [    Test worker] org.hibernate.type.BasicTypeRegistry     : Adding type registration ncharacter -&gt; org.hibernate.type.CharacterNCharType@69fe7090
2023-02-15 22:37:11.869 DEBUG 15749 --- [    Test worker] org.hibernate.type.BasicTypeRegistry     : Adding type registration url -&gt; org.hibernate.type.UrlType@347123dc
2023-02-15 22:37:11.869 DEBUG 15749 --- [    Test worker] org.hibernate.type.BasicTypeRegistry     : Adding type registration java.net.URL -&gt; org.hibernate.type.UrlType@347123dc
2023-02-15 22:37:11.869 DEBUG 15749 --- [    Test worker] org.hibernate.type.BasicTypeRegistry     : Adding type registration Duration -&gt; org.hibernate.type.DurationType@618f627b
2023-02-15 22:37:11.869 DEBUG 15749 --- [    Test worker] org.hibernate.type.BasicTypeRegistry     : Adding type registration java.time.Duration -&gt; org.hibernate.type.DurationType@618f627b
2023-02-15 22:37:11.869 DEBUG 15749 --- [    Test worker] org.hibernate.type.BasicTypeRegistry     : Adding type registration Instant -&gt; org.hibernate.type.InstantType@70d5d96b
2023-02-15 22:37:11.870 DEBUG 15749 --- [    Test worker] org.hibernate.type.BasicTypeRegistry     : Adding type registration java.time.Instant -&gt; org.hibernate.type.InstantType@70d5d96b
2023-02-15 22:37:11.870 DEBUG 15749 --- [    Test worker] org.hibernate.type.BasicTypeRegistry     : Adding type registration LocalDateTime -&gt; org.hibernate.type.LocalDateTimeType@5464b97c
2023-02-15 22:37:11.870 DEBUG 15749 --- [    Test worker] org.hibernate.type.BasicTypeRegistry     : Adding type registration java.time.LocalDateTime -&gt; org.hibernate.type.LocalDateTimeType@5464b97c
2023-02-15 22:37:11.871 DEBUG 15749 --- [    Test worker] org.hibernate.type.BasicTypeRegistry     : Adding type registration LocalDate -&gt; org.hibernate.type.LocalDateType@2bc0b8c8
2023-02-15 22:37:11.871 DEBUG 15749 --- [    Test worker] org.hibernate.type.BasicTypeRegistry     : Adding type registration java.time.LocalDate -&gt; org.hibernate.type.LocalDateType@2bc0b8c8
2023-02-15 22:37:11.871 DEBUG 15749 --- [    Test worker] org.hibernate.type.BasicTypeRegistry     : Adding type registration LocalTime -&gt; org.hibernate.type.LocalTimeType@5341e71a
2023-02-15 22:37:11.871 DEBUG 15749 --- [    Test worker] org.hibernate.type.BasicTypeRegistry     : Adding type registration java.time.LocalTime -&gt; org.hibernate.type.LocalTimeType@5341e71a
2023-02-15 22:37:11.872 DEBUG 15749 --- [    Test worker] org.hibernate.type.BasicTypeRegistry     : Adding type registration OffsetDateTime -&gt; org.hibernate.type.OffsetDateTimeType@283baa39
2023-02-15 22:37:11.872 DEBUG 15749 --- [    Test worker] org.hibernate.type.BasicTypeRegistry     : Adding type registration java.time.OffsetDateTime -&gt; org.hibernate.type.OffsetDateTimeType@283baa39
2023-02-15 22:37:11.872 DEBUG 15749 --- [    Test worker] org.hibernate.type.BasicTypeRegistry     : Adding type registration OffsetTime -&gt; org.hibernate.type.OffsetTimeType@14292d71
2023-02-15 22:37:11.872 DEBUG 15749 --- [    Test worker] org.hibernate.type.BasicTypeRegistry     : Adding type registration java.time.OffsetTime -&gt; org.hibernate.type.OffsetTimeType@14292d71
2023-02-15 22:37:11.873 DEBUG 15749 --- [    Test worker] org.hibernate.type.BasicTypeRegistry     : Adding type registration ZonedDateTime -&gt; org.hibernate.type.ZonedDateTimeType@58b8f9e3
2023-02-15 22:37:11.873 DEBUG 15749 --- [    Test worker] org.hibernate.type.BasicTypeRegistry     : Adding type registration java.time.ZonedDateTime -&gt; org.hibernate.type.ZonedDateTimeType@58b8f9e3
2023-02-15 22:37:11.873 DEBUG 15749 --- [    Test worker] org.hibernate.type.BasicTypeRegistry     : Adding type registration date -&gt; org.hibernate.type.DateType@6233c6c2
2023-02-15 22:37:11.874 DEBUG 15749 --- [    Test worker] org.hibernate.type.BasicTypeRegistry     : Adding type registration java.sql.Date -&gt; org.hibernate.type.DateType@6233c6c2
2023-02-15 22:37:11.874 DEBUG 15749 --- [    Test worker] org.hibernate.type.BasicTypeRegistry     : Adding type registration time -&gt; org.hibernate.type.TimeType@61dd1c3d
2023-02-15 22:37:11.874 DEBUG 15749 --- [    Test worker] org.hibernate.type.BasicTypeRegistry     : Adding type registration java.sql.Time -&gt; org.hibernate.type.TimeType@61dd1c3d
2023-02-15 22:37:11.875 DEBUG 15749 --- [    Test worker] org.hibernate.type.BasicTypeRegistry     : Adding type registration timestamp -&gt; org.hibernate.type.TimestampType@20be890d
2023-02-15 22:37:11.875 DEBUG 15749 --- [    Test worker] org.hibernate.type.BasicTypeRegistry     : Adding type registration java.sql.Timestamp -&gt; org.hibernate.type.TimestampType@20be890d
2023-02-15 22:37:11.875 DEBUG 15749 --- [    Test worker] org.hibernate.type.BasicTypeRegistry     : Adding type registration java.util.Date -&gt; org.hibernate.type.TimestampType@20be890d
2023-02-15 22:37:11.876 DEBUG 15749 --- [    Test worker] org.hibernate.type.BasicTypeRegistry     : Adding type registration dbtimestamp -&gt; org.hibernate.type.DbTimestampType@38e00b47
2023-02-15 22:37:11.877 DEBUG 15749 --- [    Test worker] org.hibernate.type.BasicTypeRegistry     : Adding type registration calendar -&gt; org.hibernate.type.CalendarType@dae5e0
2023-02-15 22:37:11.877 DEBUG 15749 --- [    Test worker] org.hibernate.type.BasicTypeRegistry     : Adding type registration java.util.Calendar -&gt; org.hibernate.type.CalendarType@dae5e0
2023-02-15 22:37:11.877 DEBUG 15749 --- [    Test worker] org.hibernate.type.BasicTypeRegistry     : Adding type registration java.util.GregorianCalendar -&gt; org.hibernate.type.CalendarType@dae5e0
2023-02-15 22:37:11.877 DEBUG 15749 --- [    Test worker] org.hibernate.type.BasicTypeRegistry     : Adding type registration calendar_date -&gt; org.hibernate.type.CalendarDateType@150f41b9
2023-02-15 22:37:11.877 DEBUG 15749 --- [    Test worker] org.hibernate.type.BasicTypeRegistry     : Adding type registration calendar_time -&gt; org.hibernate.type.CalendarTimeType@11bdab37
2023-02-15 22:37:11.878 DEBUG 15749 --- [    Test worker] org.hibernate.type.BasicTypeRegistry     : Adding type registration locale -&gt; org.hibernate.type.LocaleType@5c0e2ec
2023-02-15 22:37:11.878 DEBUG 15749 --- [    Test worker] org.hibernate.type.BasicTypeRegistry     : Adding type registration java.util.Locale -&gt; org.hibernate.type.LocaleType@5c0e2ec
2023-02-15 22:37:11.878 DEBUG 15749 --- [    Test worker] org.hibernate.type.BasicTypeRegistry     : Adding type registration currency -&gt; org.hibernate.type.CurrencyType@4269aad7
2023-02-15 22:37:11.878 DEBUG 15749 --- [    Test worker] org.hibernate.type.BasicTypeRegistry     : Adding type registration java.util.Currency -&gt; org.hibernate.type.CurrencyType@4269aad7
2023-02-15 22:37:11.878 DEBUG 15749 --- [    Test worker] org.hibernate.type.BasicTypeRegistry     : Adding type registration timezone -&gt; org.hibernate.type.TimeZoneType@528e5e38
2023-02-15 22:37:11.878 DEBUG 15749 --- [    Test worker] org.hibernate.type.BasicTypeRegistry     : Adding type registration java.util.TimeZone -&gt; org.hibernate.type.TimeZoneType@528e5e38
2023-02-15 22:37:11.879 DEBUG 15749 --- [    Test worker] org.hibernate.type.BasicTypeRegistry     : Adding type registration class -&gt; org.hibernate.type.ClassType@56f9de3b
2023-02-15 22:37:11.879 DEBUG 15749 --- [    Test worker] org.hibernate.type.BasicTypeRegistry     : Adding type registration java.lang.Class -&gt; org.hibernate.type.ClassType@56f9de3b
2023-02-15 22:37:11.879 DEBUG 15749 --- [    Test worker] org.hibernate.type.BasicTypeRegistry     : Adding type registration uuid-binary -&gt; org.hibernate.type.UUIDBinaryType@6ec3d8e4
2023-02-15 22:37:11.879 DEBUG 15749 --- [    Test worker] org.hibernate.type.BasicTypeRegistry     : Adding type registration java.util.UUID -&gt; org.hibernate.type.UUIDBinaryType@6ec3d8e4
2023-02-15 22:37:11.879 DEBUG 15749 --- [    Test worker] org.hibernate.type.BasicTypeRegistry     : Adding type registration uuid-char -&gt; org.hibernate.type.UUIDCharType@6068ebb2
2023-02-15 22:37:11.880 DEBUG 15749 --- [    Test worker] org.hibernate.type.BasicTypeRegistry     : Adding type registration binary -&gt; org.hibernate.type.BinaryType@a03529c
2023-02-15 22:37:11.880 DEBUG 15749 --- [    Test worker] org.hibernate.type.BasicTypeRegistry     : Adding type registration byte[] -&gt; org.hibernate.type.BinaryType@a03529c
2023-02-15 22:37:11.880 DEBUG 15749 --- [    Test worker] org.hibernate.type.BasicTypeRegistry     : Adding type registration [B -&gt; org.hibernate.type.BinaryType@a03529c
2023-02-15 22:37:11.880 DEBUG 15749 --- [    Test worker] org.hibernate.type.BasicTypeRegistry     : Adding type registration wrapper-binary -&gt; org.hibernate.type.WrapperBinaryType@52285a5f
2023-02-15 22:37:11.880 DEBUG 15749 --- [    Test worker] org.hibernate.type.BasicTypeRegistry     : Adding type registration Byte[] -&gt; org.hibernate.type.WrapperBinaryType@52285a5f
2023-02-15 22:37:11.880 DEBUG 15749 --- [    Test worker] org.hibernate.type.BasicTypeRegistry     : Adding type registration [Ljava.lang.Byte; -&gt; org.hibernate.type.WrapperBinaryType@52285a5f
2023-02-15 22:37:11.880 DEBUG 15749 --- [    Test worker] org.hibernate.type.BasicTypeRegistry     : Adding type registration row_version -&gt; org.hibernate.type.RowVersionType@3c9e19de
2023-02-15 22:37:11.880 DEBUG 15749 --- [    Test worker] org.hibernate.type.BasicTypeRegistry     : Adding type registration image -&gt; org.hibernate.type.ImageType@57f0bfc3
2023-02-15 22:37:11.881 DEBUG 15749 --- [    Test worker] org.hibernate.type.BasicTypeRegistry     : Adding type registration characters -&gt; org.hibernate.type.CharArrayType@f10d055
2023-02-15 22:37:11.881 DEBUG 15749 --- [    Test worker] org.hibernate.type.BasicTypeRegistry     : Adding type registration char[] -&gt; org.hibernate.type.CharArrayType@f10d055
2023-02-15 22:37:11.881 DEBUG 15749 --- [    Test worker] org.hibernate.type.BasicTypeRegistry     : Adding type registration [C -&gt; org.hibernate.type.CharArrayType@f10d055
2023-02-15 22:37:11.881 DEBUG 15749 --- [    Test worker] org.hibernate.type.BasicTypeRegistry     : Adding type registration wrapper-characters -&gt; org.hibernate.type.CharacterArrayType@3c6bd624
2023-02-15 22:37:11.881 DEBUG 15749 --- [    Test worker] org.hibernate.type.BasicTypeRegistry     : Adding type registration [Ljava.lang.Character; -&gt; org.hibernate.type.CharacterArrayType@3c6bd624
2023-02-15 22:37:11.881 DEBUG 15749 --- [    Test worker] org.hibernate.type.BasicTypeRegistry     : Adding type registration Character[] -&gt; org.hibernate.type.CharacterArrayType@3c6bd624
2023-02-15 22:37:11.881 DEBUG 15749 --- [    Test worker] org.hibernate.type.BasicTypeRegistry     : Adding type registration text -&gt; org.hibernate.type.TextType@3dd2b9c1
2023-02-15 22:37:11.882 DEBUG 15749 --- [    Test worker] org.hibernate.type.BasicTypeRegistry     : Adding type registration ntext -&gt; org.hibernate.type.NTextType@70cf7d1e
2023-02-15 22:37:11.882 DEBUG 15749 --- [    Test worker] org.hibernate.type.BasicTypeRegistry     : Adding type registration blob -&gt; org.hibernate.type.BlobType@3c27f72
2023-02-15 22:37:11.882 DEBUG 15749 --- [    Test worker] org.hibernate.type.BasicTypeRegistry     : Adding type registration java.sql.Blob -&gt; org.hibernate.type.BlobType@3c27f72
2023-02-15 22:37:11.882 DEBUG 15749 --- [    Test worker] org.hibernate.type.BasicTypeRegistry     : Adding type registration materialized_blob -&gt; org.hibernate.type.MaterializedBlobType@4aab7195
2023-02-15 22:37:11.883 DEBUG 15749 --- [    Test worker] org.hibernate.type.BasicTypeRegistry     : Adding type registration clob -&gt; org.hibernate.type.ClobType@11ad095c
2023-02-15 22:37:11.883 DEBUG 15749 --- [    Test worker] org.hibernate.type.BasicTypeRegistry     : Adding type registration java.sql.Clob -&gt; org.hibernate.type.ClobType@11ad095c
2023-02-15 22:37:11.883 DEBUG 15749 --- [    Test worker] org.hibernate.type.BasicTypeRegistry     : Adding type registration nclob -&gt; org.hibernate.type.NClobType@410382cb
2023-02-15 22:37:11.883 DEBUG 15749 --- [    Test worker] org.hibernate.type.BasicTypeRegistry     : Adding type registration java.sql.NClob -&gt; org.hibernate.type.NClobType@410382cb
2023-02-15 22:37:11.883 DEBUG 15749 --- [    Test worker] org.hibernate.type.BasicTypeRegistry     : Adding type registration materialized_clob -&gt; org.hibernate.type.MaterializedClobType@74bbc273
2023-02-15 22:37:11.884 DEBUG 15749 --- [    Test worker] org.hibernate.type.BasicTypeRegistry     : Adding type registration materialized_nclob -&gt; org.hibernate.type.MaterializedNClobType@a0d875d
2023-02-15 22:37:11.884 DEBUG 15749 --- [    Test worker] org.hibernate.type.BasicTypeRegistry     : Adding type registration serializable -&gt; org.hibernate.type.SerializableType@3ff8a3ad
2023-02-15 22:37:11.885 DEBUG 15749 --- [    Test worker] org.hibernate.type.BasicTypeRegistry     : Adding type registration object -&gt; org.hibernate.type.ObjectType@79b7c350
2023-02-15 22:37:11.885 DEBUG 15749 --- [    Test worker] org.hibernate.type.BasicTypeRegistry     : Adding type registration java.lang.Object -&gt; org.hibernate.type.ObjectType@79b7c350
2023-02-15 22:37:11.885 DEBUG 15749 --- [    Test worker] org.hibernate.type.BasicTypeRegistry     : Adding type registration imm_date -&gt; org.hibernate.type.AdaptedImmutableType@2fb48970
2023-02-15 22:37:11.885 DEBUG 15749 --- [    Test worker] org.hibernate.type.BasicTypeRegistry     : Adding type registration imm_time -&gt; org.hibernate.type.AdaptedImmutableType@4e8d9bb6
2023-02-15 22:37:11.885 DEBUG 15749 --- [    Test worker] org.hibernate.type.BasicTypeRegistry     : Adding type registration imm_timestamp -&gt; org.hibernate.type.AdaptedImmutableType@3de56885
2023-02-15 22:37:11.885 DEBUG 15749 --- [    Test worker] org.hibernate.type.BasicTypeRegistry     : Adding type registration imm_dbtimestamp -&gt; org.hibernate.type.AdaptedImmutableType@2673487b
2023-02-15 22:37:11.885 DEBUG 15749 --- [    Test worker] org.hibernate.type.BasicTypeRegistry     : Adding type registration imm_calendar -&gt; org.hibernate.type.AdaptedImmutableType@2d07aacc
2023-02-15 22:37:11.885 DEBUG 15749 --- [    Test worker] org.hibernate.type.BasicTypeRegistry     : Adding type registration imm_calendar_date -&gt; org.hibernate.type.AdaptedImmutableType@ff5d4f1
2023-02-15 22:37:11.886 DEBUG 15749 --- [    Test worker] org.hibernate.type.BasicTypeRegistry     : Adding type registration imm_binary -&gt; org.hibernate.type.AdaptedImmutableType@194224ca
2023-02-15 22:37:11.886 DEBUG 15749 --- [    Test worker] org.hibernate.type.BasicTypeRegistry     : Adding type registration imm_serializable -&gt; org.hibernate.type.AdaptedImmutableType@254e9709
2023-02-15 22:37:11.902  INFO 15749 --- [    Test worker] com.zaxxer.hikari.HikariDataSource       : HikariPool-1 - Starting...
2023-02-15 22:37:11.945  INFO 15749 --- [    Test worker] com.zaxxer.hikari.HikariDataSource       : HikariPool-1 - Start completed.
2023-02-15 22:37:11.959  INFO 15749 --- [    Test worker] org.hibernate.dialect.Dialect            : HHH000400: Using dialect: org.hibernate.dialect.H2Dialect
2023-02-15 22:37:11.974 DEBUG 15749 --- [    Test worker] o.h.type.spi.TypeConfiguration$Scope     : Scoping TypeConfiguration [org.hibernate.type.spi.TypeConfiguration@7853363c] to MetadataBuildingContext [org.hibernate.boot.internal.MetadataBuildingContextRootImpl@6282f1eb]
2023-02-15 22:37:12.077 DEBUG 15749 --- [    Test worker] org.hibernate.type.EnumType              : Using NAMED-based conversion for Enum com.board.Board_Upgraded.entity.member.Role
2023-02-15 22:37:12.077 DEBUG 15749 --- [    Test worker] o.h.type.spi.TypeConfiguration$Scope     : Scoping TypeConfiguration [org.hibernate.type.spi.TypeConfiguration@7853363c] to SessionFactoryImpl [org.hibernate.internal.SessionFactoryImpl@3ef089ce]
2023-02-15 22:37:12.208 DEBUG 15749 --- [    Test worker] org.hibernate.SQL                        : 
    
    drop table if exists member CASCADE 
2023-02-15 22:37:12.211 DEBUG 15749 --- [    Test worker] org.hibernate.SQL                        : 
    
    drop table if exists refresh_token CASCADE 
2023-02-15 22:37:12.213 DEBUG 15749 --- [    Test worker] org.hibernate.SQL                        : 
    
    create table member (
       id bigint generated by default as identity,
        created_time timestamp not null,
        last_modified_time timestamp not null,
        member_email varchar(255),
        member_nickname varchar(255),
        member_password varchar(255),
        member_role varchar(255),
        member_username varchar(255),
        primary key (id)
    )
2023-02-15 22:37:12.214 DEBUG 15749 --- [    Test worker] org.hibernate.SQL                        : 
    
    create table refresh_token (
       rt_key varchar(255) not null,
        rt_value varchar(255),
        primary key (rt_key)
    )
2023-02-15 22:37:12.216  INFO 15749 --- [    Test worker] o.h.e.t.j.p.i.JtaPlatformInitiator       : HHH000490: Using JtaPlatform implementation: [org.hibernate.engine.transaction.jta.platform.internal.NoJtaPlatform]
2023-02-15 22:37:12.219 TRACE 15749 --- [    Test worker] o.h.type.spi.TypeConfiguration$Scope     : Handling #sessionFactoryCreated from [org.hibernate.internal.SessionFactoryImpl@3ef089ce] for TypeConfiguration
2023-02-15 22:37:12.219  INFO 15749 --- [    Test worker] j.LocalContainerEntityManagerFactoryBean : Initialized JPA EntityManagerFactory for persistence unit 'default'
2023-02-15 22:37:12.535  WARN 15749 --- [    Test worker] JpaBaseConfiguration$JpaWebConfiguration : spring.jpa.open-in-view is enabled by default. Therefore, database queries may be performed during view rendering. Explicitly configure spring.jpa.open-in-view to disable this warning
2023-02-15 22:37:12.702  INFO 15749 --- [    Test worker] o.s.s.web.DefaultSecurityFilterChain     : Will secure any request with [org.springframework.security.web.session.DisableEncodeUrlFilter@3f2feab7, org.springframework.security.web.context.request.async.WebAsyncManagerIntegrationFilter@8b71052, org.springframework.security.web.context.SecurityContextPersistenceFilter@2662e3ff, org.springframework.security.web.header.HeaderWriterFilter@1c149539, org.springframework.security.web.authentication.logout.LogoutFilter@25b87e1b, com.board.Board_Upgraded.config.jwt.JwtFilter@2738a1fc, org.springframework.security.web.savedrequest.RequestCacheAwareFilter@261b27db, org.springframework.security.web.servletapi.SecurityContextHolderAwareRequestFilter@175745fc, org.springframework.security.web.authentication.AnonymousAuthenticationFilter@6d7d0946, org.springframework.security.web.session.SessionManagementFilter@5ee76cf2, org.springframework.security.web.access.ExceptionTranslationFilter@4cf1ec2, org.springframework.security.web.access.intercept.FilterSecurityInterceptor@768f2398]
2023-02-15 22:37:12.708  WARN 15749 --- [    Test worker] o.s.s.c.a.web.builders.WebSecurity       : You are asking Spring Security to ignore Ant [pattern='/auth/sign_in']. This is not recommended -- please use permitAll via HttpSecurity#authorizeHttpRequests instead.
2023-02-15 22:37:12.708  INFO 15749 --- [    Test worker] o.s.s.web.DefaultSecurityFilterChain     : Will not secure Ant [pattern='/auth/sign_in']
2023-02-15 22:37:12.708  WARN 15749 --- [    Test worker] o.s.s.c.a.web.builders.WebSecurity       : You are asking Spring Security to ignore Ant [pattern='/auth/join']. This is not recommended -- please use permitAll via HttpSecurity#authorizeHttpRequests instead.
2023-02-15 22:37:12.708  INFO 15749 --- [    Test worker] o.s.s.web.DefaultSecurityFilterChain     : Will not secure Ant [pattern='/auth/join']
2023-02-15 22:37:12.984  INFO 15749 --- [    Test worker] o.s.b.t.m.w.SpringBootMockServletContext : Initializing Spring TestDispatcherServlet ''
2023-02-15 22:37:12.984  INFO 15749 --- [    Test worker] o.s.t.web.servlet.TestDispatcherServlet  : Initializing Servlet ''
2023-02-15 22:37:12.985  INFO 15749 --- [    Test worker] o.s.t.web.servlet.TestDispatcherServlet  : Completed initialization in 1 ms
2023-02-15 22:37:13.106  INFO 15749 --- [    Test worker] c.b.B.c.AuthControllerTest_Reissue       : Started AuthControllerTest_Reissue in 2.22 seconds (JVM running for 2.686)
2023-02-15 22:37:13.228 DEBUG 15749 --- [    Test worker] org.hibernate.SQL                        : 
    select
        member0_.id as id1_0_,
        member0_.created_time as created_2_0_,
        member0_.last_modified_time as last_mod3_0_,
        member0_.member_email as member_e4_0_,
        member0_.member_nickname as member_n5_0_,
        member0_.member_password as member_p6_0_,
        member0_.member_role as member_r7_0_,
        member0_.member_username as member_u8_0_ 
    from
        member member0_
2023-02-15 22:37:13.246 DEBUG 15749 --- [    Test worker] org.hibernate.SQL                        : 
    select
        member0_.id as id1_0_,
        member0_.created_time as created_2_0_,
        member0_.last_modified_time as last_mod3_0_,
        member0_.member_email as member_e4_0_,
        member0_.member_nickname as member_n5_0_,
        member0_.member_password as member_p6_0_,
        member0_.member_role as member_r7_0_,
        member0_.member_username as member_u8_0_ 
    from
        member member0_ 
    where
        member0_.member_username=?
2023-02-15 22:37:13.247 TRACE 15749 --- [    Test worker] o.h.type.descriptor.sql.BasicBinder      : binding parameter [1] as [VARCHAR] - [testUser1]
2023-02-15 22:37:13.249 DEBUG 15749 --- [    Test worker] org.hibernate.SQL                        : 
    select
        member0_.id as id1_0_,
        member0_.created_time as created_2_0_,
        member0_.last_modified_time as last_mod3_0_,
        member0_.member_email as member_e4_0_,
        member0_.member_nickname as member_n5_0_,
        member0_.member_password as member_p6_0_,
        member0_.member_role as member_r7_0_,
        member0_.member_username as member_u8_0_ 
    from
        member member0_ 
    where
        member0_.member_nickname=?
2023-02-15 22:37:13.250 TRACE 15749 --- [    Test worker] o.h.type.descriptor.sql.BasicBinder      : binding parameter [1] as [VARCHAR] - [test1]
2023-02-15 22:37:13.252 DEBUG 15749 --- [    Test worker] org.hibernate.SQL                        : 
    select
        member0_.id as id1_0_,
        member0_.created_time as created_2_0_,
        member0_.last_modified_time as last_mod3_0_,
        member0_.member_email as member_e4_0_,
        member0_.member_nickname as member_n5_0_,
        member0_.member_password as member_p6_0_,
        member0_.member_role as member_r7_0_,
        member0_.member_username as member_u8_0_ 
    from
        member member0_ 
    where
        member0_.member_email=?
2023-02-15 22:37:13.252 TRACE 15749 --- [    Test worker] o.h.type.descriptor.sql.BasicBinder      : binding parameter [1] as [VARCHAR] - [test1@test.com]
2023-02-15 22:37:13.358 DEBUG 15749 --- [    Test worker] org.hibernate.SQL                        : 
    insert 
    into
        member
        (id, created_time, last_modified_time, member_email, member_nickname, member_password, member_role, member_username) 
    values
        (default, ?, ?, ?, ?, ?, ?, ?)
2023-02-15 22:37:13.358 TRACE 15749 --- [    Test worker] o.h.type.descriptor.sql.BasicBinder      : binding parameter [1] as [TIMESTAMP] - [2023-02-15T22:37:13.346219]
2023-02-15 22:37:13.359 TRACE 15749 --- [    Test worker] o.h.type.descriptor.sql.BasicBinder      : binding parameter [2] as [TIMESTAMP] - [2023-02-15T22:37:13.337612]
2023-02-15 22:37:13.359 TRACE 15749 --- [    Test worker] o.h.type.descriptor.sql.BasicBinder      : binding parameter [3] as [VARCHAR] - [test1@test.com]
2023-02-15 22:37:13.359 TRACE 15749 --- [    Test worker] o.h.type.descriptor.sql.BasicBinder      : binding parameter [4] as [VARCHAR] - [test1]
2023-02-15 22:37:13.359 TRACE 15749 --- [    Test worker] o.h.type.descriptor.sql.BasicBinder      : binding parameter [5] as [VARCHAR] - [$2a$10$mnl.pebannkmxV3cRDQ1iOLovhDe21gP6dZX/mZ0UHuUHLxKGOROC]
2023-02-15 22:37:13.359 TRACE 15749 --- [    Test worker] o.h.type.descriptor.sql.BasicBinder      : binding parameter [6] as [VARCHAR] - [USER]
2023-02-15 22:37:13.359 TRACE 15749 --- [    Test worker] o.h.type.descriptor.sql.BasicBinder      : binding parameter [7] as [VARCHAR] - [testUser1]
2023-02-15 22:37:13.366 DEBUG 15749 --- [    Test worker] org.hibernate.SQL                        : 
    select
        member0_.id as id1_0_,
        member0_.created_time as created_2_0_,
        member0_.last_modified_time as last_mod3_0_,
        member0_.member_email as member_e4_0_,
        member0_.member_nickname as member_n5_0_,
        member0_.member_password as member_p6_0_,
        member0_.member_role as member_r7_0_,
        member0_.member_username as member_u8_0_ 
    from
        member member0_ 
    where
        member0_.member_username=?
2023-02-15 22:37:13.366 TRACE 15749 --- [    Test worker] o.h.type.descriptor.sql.BasicBinder      : binding parameter [1] as [VARCHAR] - [testUser1]
2023-02-15 22:37:13.366 TRACE 15749 --- [    Test worker] o.h.type.descriptor.sql.BasicExtractor   : extracted value ([id1_0_] : [BIGINT]) - [1]
2023-02-15 22:37:13.367 TRACE 15749 --- [    Test worker] o.h.type.descriptor.sql.BasicExtractor   : extracted value ([created_2_0_] : [TIMESTAMP]) - [2023-02-15T22:37:13.346219]
2023-02-15 22:37:13.368 TRACE 15749 --- [    Test worker] o.h.type.descriptor.sql.BasicExtractor   : extracted value ([last_mod3_0_] : [TIMESTAMP]) - [2023-02-15T22:37:13.337612]
2023-02-15 22:37:13.368 TRACE 15749 --- [    Test worker] o.h.type.descriptor.sql.BasicExtractor   : extracted value ([member_e4_0_] : [VARCHAR]) - [test1@test.com]
2023-02-15 22:37:13.368 TRACE 15749 --- [    Test worker] o.h.type.descriptor.sql.BasicExtractor   : extracted value ([member_n5_0_] : [VARCHAR]) - [test1]
2023-02-15 22:37:13.368 TRACE 15749 --- [    Test worker] o.h.type.descriptor.sql.BasicExtractor   : extracted value ([member_p6_0_] : [VARCHAR]) - [$2a$10$mnl.pebannkmxV3cRDQ1iOLovhDe21gP6dZX/mZ0UHuUHLxKGOROC]
2023-02-15 22:37:13.368 TRACE 15749 --- [    Test worker] o.h.type.descriptor.sql.BasicExtractor   : extracted value ([member_r7_0_] : [VARCHAR]) - [USER]
2023-02-15 22:37:13.368 TRACE 15749 --- [    Test worker] o.h.type.descriptor.sql.BasicExtractor   : extracted value ([member_u8_0_] : [VARCHAR]) - [testUser1]
2023-02-15 22:37:13.525 DEBUG 15749 --- [    Test worker] org.hibernate.SQL                        : 
    select
        member0_.id as id1_0_,
        member0_.created_time as created_2_0_,
        member0_.last_modified_time as last_mod3_0_,
        member0_.member_email as member_e4_0_,
        member0_.member_nickname as member_n5_0_,
        member0_.member_password as member_p6_0_,
        member0_.member_role as member_r7_0_,
        member0_.member_username as member_u8_0_ 
    from
        member member0_ 
    where
        member0_.member_username=?
2023-02-15 22:37:13.526 TRACE 15749 --- [    Test worker] o.h.type.descriptor.sql.BasicBinder      : binding parameter [1] as [VARCHAR] - [testUser1]
2023-02-15 22:37:13.526 TRACE 15749 --- [    Test worker] o.h.type.descriptor.sql.BasicExtractor   : extracted value ([id1_0_] : [BIGINT]) - [1]
2023-02-15 22:37:13.636 DEBUG 15749 --- [    Test worker] org.hibernate.SQL                        : 
    select
        refreshtok0_.rt_key as rt_key1_1_0_,
        refreshtok0_.rt_value as rt_value2_1_0_ 
    from
        refresh_token refreshtok0_ 
    where
        refreshtok0_.rt_key=?
2023-02-15 22:37:13.636 TRACE 15749 --- [    Test worker] o.h.type.descriptor.sql.BasicBinder      : binding parameter [1] as [VARCHAR] - [testUser1]
2023-02-15 22:37:13.642 DEBUG 15749 --- [    Test worker] org.hibernate.SQL                        : 
    insert 
    into
        refresh_token
        (rt_value, rt_key) 
    values
        (?, ?)
2023-02-15 22:37:13.642 TRACE 15749 --- [    Test worker] o.h.type.descriptor.sql.BasicBinder      : binding parameter [1] as [VARCHAR] - [eyJhbGciOiJIUzUxMiJ9.eyJleHAiOjE2NzcwNzMwMzN9.kyn5RgHp5BWmNKLmisZ98MptuSyN3PJ_N7M9tpSPa6-v6ed5D_K9Syja88wCNEKYeFIkjntyta9EZGFW9WO7SA]
2023-02-15 22:37:13.643 TRACE 15749 --- [    Test worker] o.h.type.descriptor.sql.BasicBinder      : binding parameter [2] as [VARCHAR] - [testUser1]
2023-02-15 22:37:13.666 ERROR 15749 --- [    Test worker] c.b.B.config.jwt.JwtAccessDenialHandler  : time : 2023-02-15T22:37:13.666410
requestSecurityContextHolderAwareRequestWrapper[ org.springframework.security.web.header.HeaderWriterFilter$HeaderWriterRequest@2f6fcc70]
ExceptionAccess is denied

MockHttpServletRequest:
      HTTP Method = POST
      Request URI = /auth/reissue
       Parameters = {}
          Headers = [Content-Type:&quot;application/json;charset=UTF-8&quot;, Authorization:&quot;Bearer eyJhbGciOiJIUzUxMiJ9.eyJzdWIiOiJ0ZXN0VXNlcjEiLCJhdXRoIjoiVVNFUiIsImV4cCI6MTY3NjU1NDYzM30.eYWbAUHj-CYfqpfoVXGhFIG1prQNtDAuEAcvhd_c-TJIu-LbT84uzU4DFLgZweys2UsvhosWezQmN8Y06HFaVw&quot;, Content-Length:&quot;343&quot;]
             Body = {&quot;accessToken&quot;:&quot;eyJhbGciOiJIUzUxMiJ9.eyJzdWIiOiJ0ZXN0VXNlcjEiLCJhdXRoIjoiVVNFUiIsImV4cCI6MTY3NjU1NDYzM30.eYWbAUHj-CYfqpfoVXGhFIG1prQNtDAuEAcvhd_c-TJIu-LbT84uzU4DFLgZweys2UsvhosWezQmN8Y06HFaVw&quot;,&quot;refreshToken&quot;:&quot;eyJhbGciOiJIUzUxMiJ9.eyJleHAiOjE2NzcwNzMwMzN9.kyn5RgHp5BWmNKLmisZ98MptuSyN3PJ_N7M9tpSPa6-v6ed5D_K9Syja88wCNEKYeFIkjntyta9EZGFW9WO7SA&quot;}
    Session Attrs = {}

Handler:
             Type = null

Async:
    Async started = false
     Async result = null

Resolved Exception:
             Type = null

ModelAndView:
        View name = null
             View = null
            Model = null

FlashMap:
       Attributes = null

MockHttpServletResponse:
           Status = 403
    Error message = null
          Headers = [X-Content-Type-Options:&quot;nosniff&quot;, X-XSS-Protection:&quot;1; mode=block&quot;, Cache-Control:&quot;no-cache, no-store, max-age=0, must-revalidate&quot;, Pragma:&quot;no-cache&quot;, Expires:&quot;0&quot;, X-Frame-Options:&quot;DENY&quot;]
     Content type = null
             Body = 
    Forwarded URL = null
   Redirected URL = null
          Cookies = []
</pre>
</span>
</div>
</div>
<div id="footer">
<p>
<div>
<label class="hidden" id="label-for-line-wrapping-toggle" for="line-wrapping-toggle">Wrap lines
<input id="line-wrapping-toggle" type="checkbox" autocomplete="off"/>
</label>
</div>Generated by 
<a href="http://www.gradle.org">Gradle 7.6</a> at 2023. 2. 15.  10:37:13</p>
</div>
</div>
</body>
</html>
